<!DOCTYPE html PUBLIC "-//W3C//DTD XHTML 1.1//EN" "http://www.w3.org/TR/xhtml11/DTD/xhtml11.dtd">
<html xmlns="http://www.w3.org/1999/xhtml"><head><title>TestNG Report</title><style type="text/css">table {margin-bottom:10px;border-collapse:collapse;empty-cells:show}th,td {border:1px solid #009;padding:.25em .5em}th {vertical-align:bottom}td {vertical-align:top}table a {font-weight:bold}.stripe td {background-color: #E6EBF9}.num {text-align:right}.passedodd td {background-color: #3F3}.passedeven td {background-color: #0A0}.skippedodd td {background-color: #DDD}.skippedeven td {background-color: #CCC}.failedodd td,.attn {background-color: #F33}.failedeven td,.stripe .attn {background-color: #D00}.stacktrace {white-space:pre;font-family:monospace}.totop {font-size:85%;text-align:center;border-bottom:2px solid #000}</style></head><body><table><tr><th>Test</th><th># Passed</th><th># Skipped</th><th># Failed</th><th>Time (ms)</th><th>Included Groups</th><th>Excluded Groups</th></tr><tr><th colspan="7">Suite</th></tr><tr><td><a href="#t0">Test</a></td><td class="num">10</td><td class="num">0</td><td class="num attn">2</td><td class="num">152,935</td><td></td><td></td></tr></table><table><thead><tr><th>Class</th><th>Method</th><th>Start</th><th>Time (ms)</th></tr></thead><tbody><tr><th colspan="4">Suite</th></tr></tbody><tbody id="t0"><tr><th colspan="4">Test &#8212; failed</th></tr><tr class="failedeven"><td rowspan="1">com.crm.qa.Test.ContactPageTest</td><td><a href="#m0">selchkboxTest</a></td><td rowspan="1">1598932347100</td><td rowspan="1">20444</td></tr><tr class="failedodd"><td rowspan="1">com.crm.qa.Test.LoginpageTest</td><td><a href="#m1">loginpagevalidateTest</a></td><td rowspan="1">1598932294312</td><td rowspan="1">441</td></tr><tr><th colspan="4">Test &#8212; passed</th></tr><tr class="passedeven"><td rowspan="4">com.crm.qa.Test.AddNewContactTest</td><td><a href="#m2">autoit</a></td><td rowspan="1">1598932373741</td><td rowspan="1">15556</td></tr><tr class="passedeven"><td><a href="#m3">checkboxesTest</a></td><td rowspan="1">1598932373452</td><td rowspan="1">288</td></tr><tr class="passedeven"><td><a href="#m4">contacterstitleTest</a></td><td rowspan="1">1598932368061</td><td rowspan="1">5390</td></tr><tr class="passedeven"><td><a href="#m5">filltextboxTest</a></td><td rowspan="1">1598932389298</td><td rowspan="1">11355</td></tr><tr class="passedodd"><td rowspan="2">com.crm.qa.Test.ContactPageTest</td><td><a href="#m6">chkcontacttetTest</a></td><td rowspan="1">1598932342918</td><td rowspan="1">4179</td></tr><tr class="passedodd"><td><a href="#m7">newcontactTest</a></td><td rowspan="1">1598932367910</td><td rowspan="1">150</td></tr><tr class="passedeven"><td rowspan="2">com.crm.qa.Test.HomepageTest</td><td><a href="#m8">contactpageclickTest</a></td><td rowspan="1">1598932337684</td><td rowspan="1">5233</td></tr><tr class="passedeven"><td><a href="#m9">validatehomepagetitleTest</a></td><td rowspan="1">1598932337569</td><td rowspan="1">114</td></tr><tr class="passedodd"><td rowspan="2">com.crm.qa.Test.LoginpageTest</td><td><a href="#m10">crmlogoTest</a></td><td rowspan="1">1598932294764</td><td rowspan="1">394</td></tr><tr class="passedodd"><td><a href="#m11">multilogin</a></td><td rowspan="1">1598932295158</td><td rowspan="1">42409</td></tr></tbody></table><h2>Test</h2><h3 id="m0">com.crm.qa.Test.ContactPageTest#selchkboxTest</h3><table class="result"><tr><th>Exception</th></tr><tr><td><div class="stacktrace">org.openqa.selenium.NoSuchElementException: Unable to locate element: {&quot;method&quot;:&quot;xpath&quot;,&quot;selector&quot;:&quot;//input[@value=&apos;52743294&apos;]&quot;}
Command duration or timeout: 20.09 seconds
For documentation on this error, please visit: http://seleniumhq.org/exceptions/no_such_element.html
Build info: version: &apos;2.53.0&apos;, revision: &apos;35ae25b1534ae328c771e0856c93e187490ca824&apos;, time: &apos;2016-03-15 10:43:46&apos;
System info: host: &apos;LAPTOP-SDLMS57Q&apos;, ip: &apos;192.168.43.159&apos;, os.name: &apos;Windows 10&apos;, os.arch: &apos;amd64&apos;, os.version: &apos;10.0&apos;, java.version: &apos;1.8.0_201&apos;
Driver info: org.openqa.selenium.firefox.FirefoxDriver
Capabilities [{applicationCacheEnabled=true, rotatable=false, handlesAlerts=true, databaseEnabled=true, version=30.0, platform=WINDOWS, browserConnectionEnabled=true, nativeEvents=false, acceptSslCerts=true, webStorageEnabled=true, locationContextEnabled=true, browserName=firefox, takesScreenshot=true, javascriptEnabled=true, cssSelectorsEnabled=true}]
Session ID: 70872a44-9030-4936-93a5-a923efbb6f4e
*** Element info: {Using=xpath, value=//input[@value=&apos;52743294&apos;]}
	at org.openqa.selenium.remote.ErrorHandler.createThrowable(ErrorHandler.java:206)
	at org.openqa.selenium.remote.ErrorHandler.throwIfResponseFailed(ErrorHandler.java:158)
	at org.openqa.selenium.remote.RemoteWebDriver.execute(RemoteWebDriver.java:678)
	at org.openqa.selenium.remote.RemoteWebDriver.findElement(RemoteWebDriver.java:363)
	at org.openqa.selenium.remote.RemoteWebDriver.findElementByXPath(RemoteWebDriver.java:500)
	at org.openqa.selenium.By$ByXPath.findElement(By.java:361)
	at org.openqa.selenium.remote.RemoteWebDriver.findElement(RemoteWebDriver.java:355)
	at org.openqa.selenium.support.pagefactory.DefaultElementLocator.findElement(DefaultElementLocator.java:69)
	at org.openqa.selenium.support.pagefactory.internal.LocatingElementHandler.invoke(LocatingElementHandler.java:38)
	at com.sun.proxy.$Proxy6.click(Unknown Source)
	at com.crm.qa.pages.ContactPage.chkchboxbyname(ContactPage.java:40)
	at com.crm.qa.Test.ContactPageTest.selchkboxTest(ContactPageTest.java:30)
Caused by: org.openqa.selenium.NoSuchElementException: Unable to locate element: {&quot;method&quot;:&quot;xpath&quot;,&quot;selector&quot;:&quot;//input[@value=&apos;52743294&apos;]&quot;}
For documentation on this error, please visit: http://seleniumhq.org/exceptions/no_such_element.html
Build info: version: &apos;2.53.0&apos;, revision: &apos;35ae25b1534ae328c771e0856c93e187490ca824&apos;, time: &apos;2016-03-15 10:43:46&apos;
System info: host: &apos;LAPTOP-SDLMS57Q&apos;, ip: &apos;192.168.43.159&apos;, os.name: &apos;Windows 10&apos;, os.arch: &apos;amd64&apos;, os.version: &apos;10.0&apos;, java.version: &apos;1.8.0_201&apos;
Driver info: driver.version: unknown
	at &lt;anonymous class&gt;.FirefoxDriver.prototype.findElementInternal_(file:///C:/Users/DIVYAS~1/AppData/Local/Temp/anonymous8232586515727967965webdriver-profile/extensions/fxdriver@googlecode.com/components/driver-component.js:10770)
	at &lt;anonymous class&gt;.fxdriver.Timer.prototype.setTimeout/&lt;.notify(file:///C:/Users/DIVYAS~1/AppData/Local/Temp/anonymous8232586515727967965webdriver-profile/extensions/fxdriver@googlecode.com/components/driver-component.js:625)
... Removed 28 stack frames</div></td></tr></table><p class="totop"><a href="#summary">back to summary</a></p><h3 id="m1">com.crm.qa.Test.LoginpageTest#loginpagevalidateTest</h3><table class="result"><tr><th>Exception</th></tr><tr><td><div class="stacktrace">java.lang.AssertionError: expected [CRMPR - CRM software for customer relationship management, sales, and support.] but found [CRMPRO - CRM software for customer relationship management, sales, and support.]
	at com.crm.qa.Test.LoginpageTest.loginpagevalidateTest(LoginpageTest.java:48)
... Removed 29 stack frames</div></td></tr></table><p class="totop"><a href="#summary">back to summary</a></p><h3 id="m2">com.crm.qa.Test.AddNewContactTest#autoit</h3><table class="result"></table><p class="totop"><a href="#summary">back to summary</a></p><h3 id="m3">com.crm.qa.Test.AddNewContactTest#checkboxesTest</h3><table class="result"></table><p class="totop"><a href="#summary">back to summary</a></p><h3 id="m4">com.crm.qa.Test.AddNewContactTest#contacterstitleTest</h3><table class="result"></table><p class="totop"><a href="#summary">back to summary</a></p><h3 id="m5">com.crm.qa.Test.AddNewContactTest#filltextboxTest</h3><table class="result"></table><p class="totop"><a href="#summary">back to summary</a></p><h3 id="m6">com.crm.qa.Test.ContactPageTest#chkcontacttetTest</h3><table class="result"></table><p class="totop"><a href="#summary">back to summary</a></p><h3 id="m7">com.crm.qa.Test.ContactPageTest#newcontactTest</h3><table class="result"></table><p class="totop"><a href="#summary">back to summary</a></p><h3 id="m8">com.crm.qa.Test.HomepageTest#contactpageclickTest</h3><table class="result"></table><p class="totop"><a href="#summary">back to summary</a></p><h3 id="m9">com.crm.qa.Test.HomepageTest#validatehomepagetitleTest</h3><table class="result"></table><p class="totop"><a href="#summary">back to summary</a></p><h3 id="m10">com.crm.qa.Test.LoginpageTest#crmlogoTest</h3><table class="result"></table><p class="totop"><a href="#summary">back to summary</a></p><h3 id="m11">com.crm.qa.Test.LoginpageTest#multilogin</h3><table class="result"></table><p class="totop"><a href="#summary">back to summary</a></p></body></html>