<?xml version="1.0" encoding="UTF-8"?>
<testng-results skipped="0" failed="2" total="12" passed="10">
  <reporter-output>
  </reporter-output>
  <suite name="Suite" duration-ms="152935" started-at="2020-09-01T03:50:55Z" finished-at="2020-09-01T03:53:28Z">
    <groups>
    </groups>
    <test name="Test" duration-ms="152935" started-at="2020-09-01T03:50:55Z" finished-at="2020-09-01T03:53:28Z">
      <class name="com.crm.qa.Test.AddNewContactTest">
        <test-method status="PASS" signature="contacterstitleTest()[pri:0, instance:com.crm.qa.Test.AddNewContactTest@3f2a3a5]" name="contacterstitleTest" duration-ms="5390" started-at="2020-09-01T09:22:48Z" finished-at="2020-09-01T09:22:53Z">
          <reporter-output>
          </reporter-output>
        </test-method> <!-- contacterstitleTest -->
        <test-method status="PASS" signature="checkboxesTest()[pri:0, instance:com.crm.qa.Test.AddNewContactTest@3f2a3a5]" name="checkboxesTest" duration-ms="288" started-at="2020-09-01T09:22:53Z" finished-at="2020-09-01T09:22:53Z">
          <reporter-output>
          </reporter-output>
        </test-method> <!-- checkboxesTest -->
        <test-method status="PASS" signature="autoit()[pri:0, instance:com.crm.qa.Test.AddNewContactTest@3f2a3a5]" name="autoit" duration-ms="15556" started-at="2020-09-01T09:22:53Z" finished-at="2020-09-01T09:23:09Z">
          <reporter-output>
          </reporter-output>
        </test-method> <!-- autoit -->
        <test-method status="PASS" signature="filltextboxTest()[pri:0, instance:com.crm.qa.Test.AddNewContactTest@3f2a3a5]" name="filltextboxTest" duration-ms="11355" started-at="2020-09-01T09:23:09Z" finished-at="2020-09-01T09:23:20Z">
          <reporter-output>
          </reporter-output>
        </test-method> <!-- filltextboxTest -->
      </class> <!-- com.crm.qa.Test.AddNewContactTest -->
      <class name="com.crm.qa.Test.HomepageTest">
        <test-method status="PASS" signature="validatehomepagetitleTest()[pri:0, instance:com.crm.qa.Test.HomepageTest@4cb2c100]" name="validatehomepagetitleTest" duration-ms="114" started-at="2020-09-01T09:22:17Z" finished-at="2020-09-01T09:22:17Z">
          <reporter-output>
          </reporter-output>
        </test-method> <!-- validatehomepagetitleTest -->
        <test-method status="PASS" signature="contactpageclickTest()[pri:0, instance:com.crm.qa.Test.HomepageTest@4cb2c100]" name="contactpageclickTest" duration-ms="5233" started-at="2020-09-01T09:22:17Z" finished-at="2020-09-01T09:22:22Z">
          <reporter-output>
          </reporter-output>
        </test-method> <!-- contactpageclickTest -->
      </class> <!-- com.crm.qa.Test.HomepageTest -->
      <class name="com.crm.qa.Test.ContactPageTest">
        <test-method status="PASS" signature="chkcontacttetTest()[pri:0, instance:com.crm.qa.Test.ContactPageTest@6fb554cc]" name="chkcontacttetTest" duration-ms="4179" started-at="2020-09-01T09:22:22Z" finished-at="2020-09-01T09:22:27Z">
          <reporter-output>
          </reporter-output>
        </test-method> <!-- chkcontacttetTest -->
        <test-method status="FAIL" signature="selchkboxTest()[pri:0, instance:com.crm.qa.Test.ContactPageTest@6fb554cc]" name="selchkboxTest" duration-ms="20444" started-at="2020-09-01T09:22:27Z" finished-at="2020-09-01T09:22:47Z">
          <exception class="org.openqa.selenium.NoSuchElementException">
            <message>
              <![CDATA[Unable to locate element: {"method":"xpath","selector":"//input[@value='52743294']"}
Command duration or timeout: 20.09 seconds
For documentation on this error, please visit: http://seleniumhq.org/exceptions/no_such_element.html
Build info: version: '2.53.0', revision: '35ae25b1534ae328c771e0856c93e187490ca824', time: '2016-03-15 10:43:46'
System info: host: 'LAPTOP-SDLMS57Q', ip: '192.168.43.159', os.name: 'Windows 10', os.arch: 'amd64', os.version: '10.0', java.version: '1.8.0_201'
Driver info: org.openqa.selenium.firefox.FirefoxDriver
Capabilities [{applicationCacheEnabled=true, rotatable=false, handlesAlerts=true, databaseEnabled=true, version=30.0, platform=WINDOWS, browserConnectionEnabled=true, nativeEvents=false, acceptSslCerts=true, webStorageEnabled=true, locationContextEnabled=true, browserName=firefox, takesScreenshot=true, javascriptEnabled=true, cssSelectorsEnabled=true}]
Session ID: 70872a44-9030-4936-93a5-a923efbb6f4e
*** Element info: {Using=xpath, value=//input[@value='52743294']}]]>
            </message>
            <full-stacktrace>
              <![CDATA[org.openqa.selenium.NoSuchElementException: Unable to locate element: {"method":"xpath","selector":"//input[@value='52743294']"}
Command duration or timeout: 20.09 seconds
For documentation on this error, please visit: http://seleniumhq.org/exceptions/no_such_element.html
Build info: version: '2.53.0', revision: '35ae25b1534ae328c771e0856c93e187490ca824', time: '2016-03-15 10:43:46'
System info: host: 'LAPTOP-SDLMS57Q', ip: '192.168.43.159', os.name: 'Windows 10', os.arch: 'amd64', os.version: '10.0', java.version: '1.8.0_201'
Driver info: org.openqa.selenium.firefox.FirefoxDriver
Capabilities [{applicationCacheEnabled=true, rotatable=false, handlesAlerts=true, databaseEnabled=true, version=30.0, platform=WINDOWS, browserConnectionEnabled=true, nativeEvents=false, acceptSslCerts=true, webStorageEnabled=true, locationContextEnabled=true, browserName=firefox, takesScreenshot=true, javascriptEnabled=true, cssSelectorsEnabled=true}]
Session ID: 70872a44-9030-4936-93a5-a923efbb6f4e
*** Element info: {Using=xpath, value=//input[@value='52743294']}
	at sun.reflect.NativeConstructorAccessorImpl.newInstance0(Native Method)
	at sun.reflect.NativeConstructorAccessorImpl.newInstance(NativeConstructorAccessorImpl.java:62)
	at sun.reflect.DelegatingConstructorAccessorImpl.newInstance(DelegatingConstructorAccessorImpl.java:45)
	at java.lang.reflect.Constructor.newInstance(Constructor.java:423)
	at org.openqa.selenium.remote.ErrorHandler.createThrowable(ErrorHandler.java:206)
	at org.openqa.selenium.remote.ErrorHandler.throwIfResponseFailed(ErrorHandler.java:158)
	at org.openqa.selenium.remote.RemoteWebDriver.execute(RemoteWebDriver.java:678)
	at org.openqa.selenium.remote.RemoteWebDriver.findElement(RemoteWebDriver.java:363)
	at org.openqa.selenium.remote.RemoteWebDriver.findElementByXPath(RemoteWebDriver.java:500)
	at org.openqa.selenium.By$ByXPath.findElement(By.java:361)
	at org.openqa.selenium.remote.RemoteWebDriver.findElement(RemoteWebDriver.java:355)
	at org.openqa.selenium.support.pagefactory.DefaultElementLocator.findElement(DefaultElementLocator.java:69)
	at org.openqa.selenium.support.pagefactory.internal.LocatingElementHandler.invoke(LocatingElementHandler.java:38)
	at com.sun.proxy.$Proxy6.click(Unknown Source)
	at com.crm.qa.pages.ContactPage.chkchboxbyname(ContactPage.java:40)
	at com.crm.qa.Test.ContactPageTest.selchkboxTest(ContactPageTest.java:30)
	at sun.reflect.NativeMethodAccessorImpl.invoke0(Native Method)
	at sun.reflect.NativeMethodAccessorImpl.invoke(NativeMethodAccessorImpl.java:62)
	at sun.reflect.DelegatingMethodAccessorImpl.invoke(DelegatingMethodAccessorImpl.java:43)
	at java.lang.reflect.Method.invoke(Method.java:498)
	at org.testng.internal.MethodInvocationHelper.invokeMethod(MethodInvocationHelper.java:84)
	at org.testng.internal.Invoker.invokeMethod(Invoker.java:714)
	at org.testng.internal.Invoker.invokeTestMethod(Invoker.java:901)
	at org.testng.internal.Invoker.invokeTestMethods(Invoker.java:1231)
	at org.testng.internal.TestMethodWorker.invokeTestMethods(TestMethodWorker.java:127)
	at org.testng.internal.TestMethodWorker.run(TestMethodWorker.java:111)
	at org.testng.TestRunner.privateRun(TestRunner.java:767)
	at org.testng.TestRunner.run(TestRunner.java:617)
	at org.testng.SuiteRunner.runTest(SuiteRunner.java:348)
	at org.testng.SuiteRunner.runSequentially(SuiteRunner.java:343)
	at org.testng.SuiteRunner.privateRun(SuiteRunner.java:305)
	at org.testng.SuiteRunner.run(SuiteRunner.java:254)
	at org.testng.SuiteRunnerWorker.runSuite(SuiteRunnerWorker.java:52)
	at org.testng.SuiteRunnerWorker.run(SuiteRunnerWorker.java:86)
	at org.testng.TestNG.runSuitesSequentially(TestNG.java:1224)
	at org.testng.TestNG.runSuitesLocally(TestNG.java:1149)
	at org.testng.TestNG.run(TestNG.java:1057)
	at org.testng.remote.RemoteTestNG.run(RemoteTestNG.java:115)
	at org.testng.remote.RemoteTestNG.initAndRun(RemoteTestNG.java:207)
	at org.testng.remote.RemoteTestNG.main(RemoteTestNG.java:178)
Caused by: org.openqa.selenium.NoSuchElementException: Unable to locate element: {"method":"xpath","selector":"//input[@value='52743294']"}
For documentation on this error, please visit: http://seleniumhq.org/exceptions/no_such_element.html
Build info: version: '2.53.0', revision: '35ae25b1534ae328c771e0856c93e187490ca824', time: '2016-03-15 10:43:46'
System info: host: 'LAPTOP-SDLMS57Q', ip: '192.168.43.159', os.name: 'Windows 10', os.arch: 'amd64', os.version: '10.0', java.version: '1.8.0_201'
Driver info: driver.version: unknown
	at <anonymous class>.FirefoxDriver.prototype.findElementInternal_(file:///C:/Users/DIVYAS~1/AppData/Local/Temp/anonymous8232586515727967965webdriver-profile/extensions/fxdriver@googlecode.com/components/driver-component.js:10770)
	at <anonymous class>.fxdriver.Timer.prototype.setTimeout/<.notify(file:///C:/Users/DIVYAS~1/AppData/Local/Temp/anonymous8232586515727967965webdriver-profile/extensions/fxdriver@googlecode.com/components/driver-component.js:625)
]]>
            </full-stacktrace>
          </exception> <!-- org.openqa.selenium.NoSuchElementException -->
          <reporter-output>
          </reporter-output>
        </test-method> <!-- selchkboxTest -->
        <test-method status="PASS" signature="newcontactTest()[pri:0, instance:com.crm.qa.Test.ContactPageTest@6fb554cc]" name="newcontactTest" duration-ms="150" started-at="2020-09-01T09:22:47Z" finished-at="2020-09-01T09:22:48Z">
          <reporter-output>
          </reporter-output>
        </test-method> <!-- newcontactTest -->
      </class> <!-- com.crm.qa.Test.ContactPageTest -->
      <class name="com.crm.qa.Test.LoginpageTest">
        <test-method status="PASS" signature="setup()[pri:0, instance:com.crm.qa.Test.LoginpageTest@38082d64]" name="setup" is-config="true" duration-ms="38665" started-at="2020-09-01T09:20:55Z" finished-at="2020-09-01T09:21:34Z">
          <reporter-output>
          </reporter-output>
        </test-method> <!-- setup -->
        <test-method status="FAIL" signature="loginpagevalidateTest()[pri:0, instance:com.crm.qa.Test.LoginpageTest@38082d64]" name="loginpagevalidateTest" duration-ms="441" started-at="2020-09-01T09:21:34Z" finished-at="2020-09-01T09:21:34Z">
          <exception class="java.lang.AssertionError">
            <message>
              <![CDATA[expected [CRMPR - CRM software for customer relationship management, sales, and support.] but found [CRMPRO - CRM software for customer relationship management, sales, and support.]]]>
            </message>
            <full-stacktrace>
              <![CDATA[java.lang.AssertionError: expected [CRMPR - CRM software for customer relationship management, sales, and support.] but found [CRMPRO - CRM software for customer relationship management, sales, and support.]
	at org.testng.Assert.fail(Assert.java:94)
	at org.testng.Assert.failNotEquals(Assert.java:494)
	at org.testng.Assert.assertEquals(Assert.java:123)
	at org.testng.Assert.assertEquals(Assert.java:176)
	at org.testng.Assert.assertEquals(Assert.java:186)
	at com.crm.qa.Test.LoginpageTest.loginpagevalidateTest(LoginpageTest.java:48)
	at sun.reflect.NativeMethodAccessorImpl.invoke0(Native Method)
	at sun.reflect.NativeMethodAccessorImpl.invoke(NativeMethodAccessorImpl.java:62)
	at sun.reflect.DelegatingMethodAccessorImpl.invoke(DelegatingMethodAccessorImpl.java:43)
	at java.lang.reflect.Method.invoke(Method.java:498)
	at org.testng.internal.MethodInvocationHelper.invokeMethod(MethodInvocationHelper.java:84)
	at org.testng.internal.Invoker.invokeMethod(Invoker.java:714)
	at org.testng.internal.Invoker.invokeTestMethod(Invoker.java:901)
	at org.testng.internal.Invoker.invokeTestMethods(Invoker.java:1231)
	at org.testng.internal.TestMethodWorker.invokeTestMethods(TestMethodWorker.java:127)
	at org.testng.internal.TestMethodWorker.run(TestMethodWorker.java:111)
	at org.testng.TestRunner.privateRun(TestRunner.java:767)
	at org.testng.TestRunner.run(TestRunner.java:617)
	at org.testng.SuiteRunner.runTest(SuiteRunner.java:348)
	at org.testng.SuiteRunner.runSequentially(SuiteRunner.java:343)
	at org.testng.SuiteRunner.privateRun(SuiteRunner.java:305)
	at org.testng.SuiteRunner.run(SuiteRunner.java:254)
	at org.testng.SuiteRunnerWorker.runSuite(SuiteRunnerWorker.java:52)
	at org.testng.SuiteRunnerWorker.run(SuiteRunnerWorker.java:86)
	at org.testng.TestNG.runSuitesSequentially(TestNG.java:1224)
	at org.testng.TestNG.runSuitesLocally(TestNG.java:1149)
	at org.testng.TestNG.run(TestNG.java:1057)
	at org.testng.remote.RemoteTestNG.run(RemoteTestNG.java:115)
	at org.testng.remote.RemoteTestNG.initAndRun(RemoteTestNG.java:207)
	at org.testng.remote.RemoteTestNG.main(RemoteTestNG.java:178)
]]>
            </full-stacktrace>
          </exception> <!-- java.lang.AssertionError -->
          <reporter-output>
          </reporter-output>
        </test-method> <!-- loginpagevalidateTest -->
        <test-method status="PASS" signature="crmlogoTest()[pri:0, instance:com.crm.qa.Test.LoginpageTest@38082d64]" name="crmlogoTest" duration-ms="394" started-at="2020-09-01T09:21:34Z" finished-at="2020-09-01T09:21:35Z">
          <reporter-output>
          </reporter-output>
        </test-method> <!-- crmlogoTest -->
        <test-method status="PASS" signature="multilogin()[pri:0, instance:com.crm.qa.Test.LoginpageTest@38082d64]" name="multilogin" duration-ms="42409" started-at="2020-09-01T09:21:35Z" finished-at="2020-09-01T09:22:17Z">
          <reporter-output>
          </reporter-output>
        </test-method> <!-- multilogin -->
        <test-method status="PASS" signature="teardown()[pri:0, instance:com.crm.qa.Test.LoginpageTest@38082d64]" name="teardown" is-config="true" duration-ms="7830" started-at="2020-09-01T09:23:20Z" finished-at="2020-09-01T09:23:28Z">
          <reporter-output>
          </reporter-output>
        </test-method> <!-- teardown -->
      </class> <!-- com.crm.qa.Test.LoginpageTest -->
    </test> <!-- Test -->
  </suite> <!-- Suite -->
</testng-results>
