<?xml version="1.0" encoding="UTF-8"?>
<!-- Generated by org.testng.reporters.JUnitXMLReporter -->
<testsuite hostname="LAPTOP-SDLMS57Q" name="Test" tests="12" failures="2" timestamp="1 Sep 2020 03:53:28 GMT" time="152.935" errors="0">
  <testcase name="loginpagevalidateTest" time="0.441" classname="com.crm.qa.Test.LoginpageTest">
    <failure type="java.lang.AssertionError" message="expected [CRMPR - CRM software for customer relationship management, sales, and support.] but found [CRMPRO - CRM software for customer relationship management, sales, and support.]">
      <![CDATA[java.lang.AssertionError: expected [CRMPR - CRM software for customer relationship management, sales, and support.] but found [CRMPRO - CRM software for customer relationship management, sales, and support.]
	at com.crm.qa.Test.LoginpageTest.loginpagevalidateTest(LoginpageTest.java:48)
... Removed 29 stack frames]]>
    </failure>
  </testcase> <!-- loginpagevalidateTest -->
  <testcase name="crmlogoTest" time="0.394" classname="com.crm.qa.Test.LoginpageTest"/>
  <testcase name="multilogin" time="42.409" classname="com.crm.qa.Test.LoginpageTest"/>
  <testcase name="validatehomepagetitleTest" time="0.114" classname="com.crm.qa.Test.HomepageTest"/>
  <testcase name="contactpageclickTest" time="5.233" classname="com.crm.qa.Test.HomepageTest"/>
  <testcase name="chkcontacttetTest" time="4.179" classname="com.crm.qa.Test.ContactPageTest"/>
  <testcase name="selchkboxTest" time="20.444" classname="com.crm.qa.Test.ContactPageTest">
    <failure type="org.openqa.selenium.NoSuchElementException" message="Unable to locate element: {&amp;quot;method&amp;quot;:&amp;quot;xpath&amp;quot;,&amp;quot;selector&amp;quot;:&amp;quot;//input[@value=&amp;apos;52743294&amp;apos;]&amp;quot;}
Command duration or timeout: 20.09 seconds
For documentation on this error, please visit: http://seleniumhq.org/exceptions/no_such_element.html
Build info: version: &amp;apos;2.53.0&amp;apos;, revision: &amp;apos;35ae25b1534ae328c771e0856c93e187490ca824&amp;apos;, time: &amp;apos;2016-03-15 10:43:46&amp;apos;
System info: host: &amp;apos;LAPTOP-SDLMS57Q&amp;apos;, ip: &amp;apos;192.168.43.159&amp;apos;, os.name: &amp;apos;Windows 10&amp;apos;, os.arch: &amp;apos;amd64&amp;apos;, os.version: &amp;apos;10.0&amp;apos;, java.version: &amp;apos;1.8.0_201&amp;apos;
Driver info: org.openqa.selenium.firefox.FirefoxDriver
Capabilities [{applicationCacheEnabled=true, rotatable=false, handlesAlerts=true, databaseEnabled=true, version=30.0, platform=WINDOWS, browserConnectionEnabled=true, nativeEvents=false, acceptSslCerts=true, webStorageEnabled=true, locationContextEnabled=true, browserName=firefox, takesScreenshot=true, javascriptEnabled=true, cssSelectorsEnabled=true}]
Session ID: 70872a44-9030-4936-93a5-a923efbb6f4e
*** Element info: {Using=xpath, value=//input[@value=&amp;apos;52743294&amp;apos;]}">
      <![CDATA[org.openqa.selenium.NoSuchElementException: Unable to locate element: {"method":"xpath","selector":"//input[@value='52743294']"}
Command duration or timeout: 20.09 seconds
For documentation on this error, please visit: http://seleniumhq.org/exceptions/no_such_element.html
Build info: version: '2.53.0', revision: '35ae25b1534ae328c771e0856c93e187490ca824', time: '2016-03-15 10:43:46'
System info: host: 'LAPTOP-SDLMS57Q', ip: '192.168.43.159', os.name: 'Windows 10', os.arch: 'amd64', os.version: '10.0', java.version: '1.8.0_201'
Driver info: org.openqa.selenium.firefox.FirefoxDriver
Capabilities [{applicationCacheEnabled=true, rotatable=false, handlesAlerts=true, databaseEnabled=true, version=30.0, platform=WINDOWS, browserConnectionEnabled=true, nativeEvents=false, acceptSslCerts=true, webStorageEnabled=true, locationContextEnabled=true, browserName=firefox, takesScreenshot=true, javascriptEnabled=true, cssSelectorsEnabled=true}]
Session ID: 70872a44-9030-4936-93a5-a923efbb6f4e
*** Element info: {Using=xpath, value=//input[@value='52743294']}
	at org.openqa.selenium.remote.ErrorHandler.createThrowable(ErrorHandler.java:206)
	at org.openqa.selenium.remote.ErrorHandler.throwIfResponseFailed(ErrorHandler.java:158)
	at org.openqa.selenium.remote.RemoteWebDriver.execute(RemoteWebDriver.java:678)
	at org.openqa.selenium.remote.RemoteWebDriver.findElement(RemoteWebDriver.java:363)
	at org.openqa.selenium.remote.RemoteWebDriver.findElementByXPath(RemoteWebDriver.java:500)
	at org.openqa.selenium.By$ByXPath.findElement(By.java:361)
	at org.openqa.selenium.remote.RemoteWebDriver.findElement(RemoteWebDriver.java:355)
	at org.openqa.selenium.support.pagefactory.DefaultElementLocator.findElement(DefaultElementLocator.java:69)
	at org.openqa.selenium.support.pagefactory.internal.LocatingElementHandler.invoke(LocatingElementHandler.java:38)
	at com.sun.proxy.$Proxy6.click(Unknown Source)
	at com.crm.qa.pages.ContactPage.chkchboxbyname(ContactPage.java:40)
	at com.crm.qa.Test.ContactPageTest.selchkboxTest(ContactPageTest.java:30)
Caused by: org.openqa.selenium.NoSuchElementException: Unable to locate element: {"method":"xpath","selector":"//input[@value='52743294']"}
For documentation on this error, please visit: http://seleniumhq.org/exceptions/no_such_element.html
Build info: version: '2.53.0', revision: '35ae25b1534ae328c771e0856c93e187490ca824', time: '2016-03-15 10:43:46'
System info: host: 'LAPTOP-SDLMS57Q', ip: '192.168.43.159', os.name: 'Windows 10', os.arch: 'amd64', os.version: '10.0', java.version: '1.8.0_201'
Driver info: driver.version: unknown
	at <anonymous class>.FirefoxDriver.prototype.findElementInternal_(file:///C:/Users/DIVYAS~1/AppData/Local/Temp/anonymous8232586515727967965webdriver-profile/extensions/fxdriver@googlecode.com/components/driver-component.js:10770)
	at <anonymous class>.fxdriver.Timer.prototype.setTimeout/<.notify(file:///C:/Users/DIVYAS~1/AppData/Local/Temp/anonymous8232586515727967965webdriver-profile/extensions/fxdriver@googlecode.com/components/driver-component.js:625)
... Removed 28 stack frames]]>
    </failure>
  </testcase> <!-- selchkboxTest -->
  <testcase name="newcontactTest" time="0.15" classname="com.crm.qa.Test.ContactPageTest"/>
  <testcase name="contacterstitleTest" time="5.39" classname="com.crm.qa.Test.AddNewContactTest"/>
  <testcase name="checkboxesTest" time="0.288" classname="com.crm.qa.Test.AddNewContactTest"/>
  <testcase name="autoit" time="15.556" classname="com.crm.qa.Test.AddNewContactTest"/>
  <testcase name="filltextboxTest" time="11.355" classname="com.crm.qa.Test.AddNewContactTest"/>
</testsuite> <!-- Test -->
