<html xmlns:math="http://exslt.org/math" xmlns:testng="http://testng.org">
   <head>
      <title>TestNG Results</title>
      <meta http-equiv="content-type" content="text/html; charset=utf-8"></meta>
      <meta http-equiv="pragma" content="no-cache"></meta>
      <meta http-equiv="cache-control" content="max-age=0"></meta>
      <meta http-equiv="cache-control" content="no-cache"></meta>
      <meta http-equiv="cache-control" content="no-store"></meta>
      <LINK rel="stylesheet" href="style.css"></LINK>
      <script type="text/javascript" src="main.js"></script>
   </head>
   <body>
      <table width="100%" style="font-size: 16px; margin-bottom: 10px;" cellspacing="1">
         <tr>
            <td width="100%">
               All methods in suite
               
               <b>Suite</b>
            </td>
            <td style="background-color: #FFBBBB; padding: 3px 3px 3px 0;" align="center">
               <div style="width: 50px;">1</div>
            </td>
            <td style="background-color: lightgreen; padding: 3px 3px 3px 0;" align="center">
               <div style="width: 50px;">11</div>
            </td>
            <td style="background-color: #FFFFBB; padding: 3px 3px 3px 0;" align="center">
               <div style="width: 50px;">0</div>
            </td>
            <td align="center" style="background-color: #eaf0f7; padding: 3px 3px 3px 0;">
               <div style="width: 50px;">12</div>
            </td>
            <td align="center"
                style="font-weight: bold; background-color: #eaf0f7; padding: 3px 3px 3px 0;">
               <div style="width: 50px;">92%</div>
            </td>
            <td style="background-color: #eaf0f7; padding: 3px 3px 3px 0;" align="center"
                nowrap="true">1m
               21s
               
            </td>
         </tr>
      </table>
      <div style="width: 200px;">
         <label for="groupMethodsCheckBox" style="font-weight: bold; margin: 0;">
            <input id="groupMethodsCheckBox" type="checkbox" onclick="switchTestMethodsView(this)"
                   checked=""></input>
            Group by class
            
         </label>
         <br></br>
         <label for="methodsFilter_ALL" style="font-weight: bold; margin: 0;">
            <input id="methodsFilter_ALL" type="checkbox"
                   onclick="testMethodsFilterChanged(this, 'ALL')"
                   checked=""></input>
            All
            
         </label>
      </div>
      <label for="methodsFilter_FAIL" style="margin-left: 20px;">
         <input id="methodsFilter_FAIL" type="checkbox"
                onclick="testMethodsFilterChanged(this, 'FAIL')"
                checked=""></input>
         Failed
         
      </label>
      <label for="methodsFilter_PASS">
         <input id="methodsFilter_PASS" type="checkbox"
                onclick="testMethodsFilterChanged(this, 'PASS')"
                checked=""></input>
         Passed
         
      </label>
      <label for="methodsFilter_SKIP">
         <input id="methodsFilter_SKIP" type="checkbox"
                onclick="testMethodsFilterChanged(this, 'SKIP')"
                checked=""></input>
         Skipped
         
      </label>
      <label for="methodsFilter_CONF">
         <input id="methodsFilter_CONF" type="checkbox"
                onclick="testMethodsFilterChanged(this, 'CONF')"
                checked=""></input>
         Config
         
      </label>
      <br></br>
      <div id="testMethodsByStatus" style="display: none;">
         <table class="testMethodsTable" cellpadding="0" cellspacing="0">
            <tr class="methodsTableHeader">
               <td width="100%">Name</td>
               <td nowrap="true">Started</td>
               <td nowrap="true">Duration</td>
               <td>Exception</td>
            </tr>
            <tr id="com.crm.qa.Test.LoginpageTest_loginpagevalidateTest_byStatus_failed_FAIL1_row"
                class="testMethodStatusFAIL">
               <td width="100%" class="firstMethodCell">
                  <a onclick="toggleDetailsVisibility('com.crm.qa.Test.LoginpageTest_loginpagevalidateTest_byStatus_failed_FAIL1_details')">loginpagevalidateTest()</a>
               </td>
               <td nowrap="true">13:10:24</td>
               <td nowrap="true" align="right">139 ms
                  
               </td>
               <td nowrap="true">
                  <a onclick="toggleDetailsVisibility('com.crm.qa.Test.LoginpageTest_loginpagevalidateTest_byStatus_failed_FAIL1_exception')">java.lang.AssertionError: 
                     expected [CRMPR - CRM software for customer relationship management, sales, and support.] but found [CRMPRO - CRM software
                     for customer relationship management, sales, and support.]
                     
                  </a>
                   
                  
               </td>
            </tr>
            <tr>
               <td colspan="4" class="detailsBox">
                  <div id="com.crm.qa.Test.LoginpageTest_loginpagevalidateTest_byStatus_failed_FAIL1_details"
                       class="testMethodDetails">
                     <div>
                        <b>Name: </b>loginpagevalidateTest
                     </div>
                     <div>
                        <b>Signature: </b>loginpagevalidateTest()[pri:0, instance:com.crm.qa.Test.LoginpageTest@2ef9b8bc]
                     </div>
                     <div>
                        <b>Start time: </b>13:10:24
                     </div>
                     <div>
                        <b>End time: </b>13:10:24
                     </div>
                     <div>
                        <b>Duration: </b>139 ms
                        
                     </div>
                  </div>
               </td>
            </tr>
            <tr>
               <td colspan="4" class="detailsBox">
                  <div id="com.crm.qa.Test.LoginpageTest_loginpagevalidateTest_byStatus_failed_FAIL1_exception"
                       class="testMethodDetails">
                     <pre style="padding: 5px; margin: 0;">java.lang.AssertionError: expected [CRMPR - CRM software for customer relationship management, sales, and support.] but found
                        [CRMPRO - CRM software for customer relationship management, sales, and support.]
                        	at org.testng.Assert.fail(Assert.java:94)
                        	at org.testng.Assert.failNotEquals(Assert.java:494)
                        	at org.testng.Assert.assertEquals(Assert.java:123)
                        	at org.testng.Assert.assertEquals(Assert.java:176)
                        	at org.testng.Assert.assertEquals(Assert.java:186)
                        	at com.crm.qa.Test.LoginpageTest.loginpagevalidateTest(LoginpageTest.java:47)
                        	at sun.reflect.NativeMethodAccessorImpl.invoke0(Native Method)
                        	at sun.reflect.NativeMethodAccessorImpl.invoke(NativeMethodAccessorImpl.java:62)
                        	at sun.reflect.DelegatingMethodAccessorImpl.invoke(DelegatingMethodAccessorImpl.java:43)
                        	at java.lang.reflect.Method.invoke(Method.java:498)
                        	at org.testng.internal.MethodInvocationHelper.invokeMethod(MethodInvocationHelper.java:84)
                        	at org.testng.internal.Invoker.invokeMethod(Invoker.java:714)
                        	at org.testng.internal.Invoker.invokeTestMethod(Invoker.java:901)
                        	at org.testng.internal.Invoker.invokeTestMethods(Invoker.java:1231)
                        	at org.testng.internal.TestMethodWorker.invokeTestMethods(TestMethodWorker.java:127)
                        	at org.testng.internal.TestMethodWorker.run(TestMethodWorker.java:111)
                        	at org.testng.TestRunner.privateRun(TestRunner.java:767)
                        	at org.testng.TestRunner.run(TestRunner.java:617)
                        	at org.testng.SuiteRunner.runTest(SuiteRunner.java:348)
                        	at org.testng.SuiteRunner.runSequentially(SuiteRunner.java:343)
                        	at org.testng.SuiteRunner.privateRun(SuiteRunner.java:305)
                        	at org.testng.SuiteRunner.run(SuiteRunner.java:254)
                        	at org.testng.SuiteRunnerWorker.runSuite(SuiteRunnerWorker.java:52)
                        	at org.testng.SuiteRunnerWorker.run(SuiteRunnerWorker.java:86)
                        	at org.testng.TestNG.runSuitesSequentially(TestNG.java:1224)
                        	at org.testng.TestNG.runSuitesLocally(TestNG.java:1149)
                        	at org.testng.TestNG.run(TestNG.java:1057)
                        	at org.testng.remote.RemoteTestNG.run(RemoteTestNG.java:115)
                        	at org.testng.remote.RemoteTestNG.initAndRun(RemoteTestNG.java:207)
                        	at org.testng.remote.RemoteTestNG.main(RemoteTestNG.java:178)
                     </pre>
                  </div>
               </td>
            </tr>
            <tr id="com.crm.qa.Test.AddNewContactTest_contacterstitleTest_byStatus_passed_PASS1_row"
                class="testMethodStatusPASS">
               <td width="100%" class="firstMethodCell">
                  <a onclick="toggleDetailsVisibility('com.crm.qa.Test.AddNewContactTest_contacterstitleTest_byStatus_passed_PASS1_details')">contacterstitleTest()</a>
               </td>
               <td nowrap="true">13:10:51</td>
               <td nowrap="true" align="right">4s
                  
               </td>
               <td nowrap="true">
                   
                  
               </td>
            </tr>
            <tr>
               <td colspan="4" class="detailsBox">
                  <div id="com.crm.qa.Test.AddNewContactTest_contacterstitleTest_byStatus_passed_PASS1_details"
                       class="testMethodDetails">
                     <div>
                        <b>Name: </b>contacterstitleTest
                     </div>
                     <div>
                        <b>Signature: </b>contacterstitleTest()[pri:0, instance:com.crm.qa.Test.AddNewContactTest@62043840]
                     </div>
                     <div>
                        <b>Start time: </b>13:10:51
                     </div>
                     <div>
                        <b>End time: </b>13:10:55
                     </div>
                     <div>
                        <b>Duration: </b>4s
                        
                     </div>
                  </div>
               </td>
            </tr>
            <tr></tr>
            <tr id="com.crm.qa.Test.AddNewContactTest_checkboxesTest_byStatus_passed_PASS2_row"
                class="testMethodStatusPASS">
               <td width="100%" class="firstMethodCell">
                  <a onclick="toggleDetailsVisibility('com.crm.qa.Test.AddNewContactTest_checkboxesTest_byStatus_passed_PASS2_details')">checkboxesTest()</a>
               </td>
               <td nowrap="true">13:10:55</td>
               <td nowrap="true" align="right">280 ms
                  
               </td>
               <td nowrap="true">
                   
                  
               </td>
            </tr>
            <tr>
               <td colspan="4" class="detailsBox">
                  <div id="com.crm.qa.Test.AddNewContactTest_checkboxesTest_byStatus_passed_PASS2_details"
                       class="testMethodDetails">
                     <div>
                        <b>Name: </b>checkboxesTest
                     </div>
                     <div>
                        <b>Signature: </b>checkboxesTest()[pri:0, instance:com.crm.qa.Test.AddNewContactTest@62043840]
                     </div>
                     <div>
                        <b>Start time: </b>13:10:55
                     </div>
                     <div>
                        <b>End time: </b>13:10:55
                     </div>
                     <div>
                        <b>Duration: </b>280 ms
                        
                     </div>
                  </div>
               </td>
            </tr>
            <tr></tr>
            <tr id="com.crm.qa.Test.AddNewContactTest_autoit_byStatus_passed_PASS3_row"
                class="testMethodStatusPASS">
               <td width="100%" class="firstMethodCell">
                  <a onclick="toggleDetailsVisibility('com.crm.qa.Test.AddNewContactTest_autoit_byStatus_passed_PASS3_details')">autoit()</a>
               </td>
               <td nowrap="true">13:10:55</td>
               <td nowrap="true" align="right">7s
                  
               </td>
               <td nowrap="true">
                   
                  
               </td>
            </tr>
            <tr>
               <td colspan="4" class="detailsBox">
                  <div id="com.crm.qa.Test.AddNewContactTest_autoit_byStatus_passed_PASS3_details"
                       class="testMethodDetails">
                     <div>
                        <b>Name: </b>autoit
                     </div>
                     <div>
                        <b>Signature: </b>autoit()[pri:0, instance:com.crm.qa.Test.AddNewContactTest@62043840]
                     </div>
                     <div>
                        <b>Start time: </b>13:10:55
                     </div>
                     <div>
                        <b>End time: </b>13:11:03
                     </div>
                     <div>
                        <b>Duration: </b>7s
                        
                     </div>
                  </div>
               </td>
            </tr>
            <tr></tr>
            <tr id="com.crm.qa.Test.AddNewContactTest_filltextboxTest_byStatus_passed_PASS4_row"
                class="testMethodStatusPASS">
               <td width="100%" class="firstMethodCell">
                  <a onclick="toggleDetailsVisibility('com.crm.qa.Test.AddNewContactTest_filltextboxTest_byStatus_passed_PASS4_details')">filltextboxTest()</a>
               </td>
               <td nowrap="true">13:11:03</td>
               <td nowrap="true" align="right">8s
                  
               </td>
               <td nowrap="true">
                   
                  
               </td>
            </tr>
            <tr>
               <td colspan="4" class="detailsBox">
                  <div id="com.crm.qa.Test.AddNewContactTest_filltextboxTest_byStatus_passed_PASS4_details"
                       class="testMethodDetails">
                     <div>
                        <b>Name: </b>filltextboxTest
                     </div>
                     <div>
                        <b>Signature: </b>filltextboxTest()[pri:0, instance:com.crm.qa.Test.AddNewContactTest@62043840]
                     </div>
                     <div>
                        <b>Start time: </b>13:11:03
                     </div>
                     <div>
                        <b>End time: </b>13:11:12
                     </div>
                     <div>
                        <b>Duration: </b>8s
                        
                     </div>
                  </div>
               </td>
            </tr>
            <tr></tr>
            <tr id="com.crm.qa.Test.HomepageTest_validatehomepagetitleTest_byStatus_passed_PASS5_row"
                class="testMethodStatusPASS">
               <td width="100%" class="firstMethodCell">
                  <a onclick="toggleDetailsVisibility('com.crm.qa.Test.HomepageTest_validatehomepagetitleTest_byStatus_passed_PASS5_details')">validatehomepagetitleTest()</a>
               </td>
               <td nowrap="true">13:10:43</td>
               <td nowrap="true" align="right">13 ms
                  
               </td>
               <td nowrap="true">
                   
                  
               </td>
            </tr>
            <tr>
               <td colspan="4" class="detailsBox">
                  <div id="com.crm.qa.Test.HomepageTest_validatehomepagetitleTest_byStatus_passed_PASS5_details"
                       class="testMethodDetails">
                     <div>
                        <b>Name: </b>validatehomepagetitleTest
                     </div>
                     <div>
                        <b>Signature: </b>validatehomepagetitleTest()[pri:0, instance:com.crm.qa.Test.HomepageTest@5315b42e]
                     </div>
                     <div>
                        <b>Start time: </b>13:10:43
                     </div>
                     <div>
                        <b>End time: </b>13:10:43
                     </div>
                     <div>
                        <b>Duration: </b>13 ms
                        
                     </div>
                  </div>
               </td>
            </tr>
            <tr></tr>
            <tr id="com.crm.qa.Test.HomepageTest_contactpageclickTest_byStatus_passed_PASS6_row"
                class="testMethodStatusPASS">
               <td width="100%" class="firstMethodCell">
                  <a onclick="toggleDetailsVisibility('com.crm.qa.Test.HomepageTest_contactpageclickTest_byStatus_passed_PASS6_details')">contactpageclickTest()</a>
               </td>
               <td nowrap="true">13:10:43</td>
               <td nowrap="true" align="right">5s
                  
               </td>
               <td nowrap="true">
                   
                  
               </td>
            </tr>
            <tr>
               <td colspan="4" class="detailsBox">
                  <div id="com.crm.qa.Test.HomepageTest_contactpageclickTest_byStatus_passed_PASS6_details"
                       class="testMethodDetails">
                     <div>
                        <b>Name: </b>contactpageclickTest
                     </div>
                     <div>
                        <b>Signature: </b>contactpageclickTest()[pri:0, instance:com.crm.qa.Test.HomepageTest@5315b42e]
                     </div>
                     <div>
                        <b>Start time: </b>13:10:43
                     </div>
                     <div>
                        <b>End time: </b>13:10:49
                     </div>
                     <div>
                        <b>Duration: </b>5s
                        
                     </div>
                  </div>
               </td>
            </tr>
            <tr></tr>
            <tr id="com.crm.qa.Test.ContactPageTest_setup_byStatus_passed_PASS7_row"
                class="testMethodStatusPASS testMethodStatusCONF">
               <td width="100%" class="firstMethodCell">
                  <a onclick="toggleDetailsVisibility('com.crm.qa.Test.ContactPageTest_setup_byStatus_passed_PASS7_details')">setup()</a>
               </td>
               <td nowrap="true">13:09:58</td>
               <td nowrap="true" align="right">25s
                  
               </td>
               <td nowrap="true">
                   
                  
               </td>
            </tr>
            <tr>
               <td colspan="4" class="detailsBox">
                  <div id="com.crm.qa.Test.ContactPageTest_setup_byStatus_passed_PASS7_details"
                       class="testMethodDetails">
                     <div>
                        <b>Name: </b>setup
                     </div>
                     <div>
                        <b>Signature: </b>setup()[pri:0, instance:com.crm.qa.Test.ContactPageTest@3fb6a447]
                     </div>
                     <div>
                        <b>Start time: </b>13:09:58
                     </div>
                     <div>
                        <b>End time: </b>13:10:24
                     </div>
                     <div>
                        <b>Duration: </b>25s
                        
                     </div>
                  </div>
               </td>
            </tr>
            <tr></tr>
            <tr id="com.crm.qa.Test.ContactPageTest_chkcontacttetTest_byStatus_passed_PASS8_row"
                class="testMethodStatusPASS">
               <td width="100%" class="firstMethodCell">
                  <a onclick="toggleDetailsVisibility('com.crm.qa.Test.ContactPageTest_chkcontacttetTest_byStatus_passed_PASS8_details')">chkcontacttetTest()</a>
               </td>
               <td nowrap="true">13:10:49</td>
               <td nowrap="true" align="right">1s
                  
               </td>
               <td nowrap="true">
                   
                  
               </td>
            </tr>
            <tr>
               <td colspan="4" class="detailsBox">
                  <div id="com.crm.qa.Test.ContactPageTest_chkcontacttetTest_byStatus_passed_PASS8_details"
                       class="testMethodDetails">
                     <div>
                        <b>Name: </b>chkcontacttetTest
                     </div>
                     <div>
                        <b>Signature: </b>chkcontacttetTest()[pri:0, instance:com.crm.qa.Test.ContactPageTest@3fb6a447]
                     </div>
                     <div>
                        <b>Start time: </b>13:10:49
                     </div>
                     <div>
                        <b>End time: </b>13:10:50
                     </div>
                     <div>
                        <b>Duration: </b>1s
                        
                     </div>
                  </div>
               </td>
            </tr>
            <tr></tr>
            <tr id="com.crm.qa.Test.ContactPageTest_selchkboxTest_byStatus_passed_PASS9_row"
                class="testMethodStatusPASS">
               <td width="100%" class="firstMethodCell">
                  <a onclick="toggleDetailsVisibility('com.crm.qa.Test.ContactPageTest_selchkboxTest_byStatus_passed_PASS9_details')">selchkboxTest()</a>
               </td>
               <td nowrap="true">13:10:50</td>
               <td nowrap="true" align="right">122 ms
                  
               </td>
               <td nowrap="true">
                   
                  
               </td>
            </tr>
            <tr>
               <td colspan="4" class="detailsBox">
                  <div id="com.crm.qa.Test.ContactPageTest_selchkboxTest_byStatus_passed_PASS9_details"
                       class="testMethodDetails">
                     <div>
                        <b>Name: </b>selchkboxTest
                     </div>
                     <div>
                        <b>Signature: </b>selchkboxTest()[pri:0, instance:com.crm.qa.Test.ContactPageTest@3fb6a447]
                     </div>
                     <div>
                        <b>Start time: </b>13:10:50
                     </div>
                     <div>
                        <b>End time: </b>13:10:51
                     </div>
                     <div>
                        <b>Duration: </b>122 ms
                        
                     </div>
                  </div>
               </td>
            </tr>
            <tr></tr>
            <tr id="com.crm.qa.Test.ContactPageTest_newcontactTest_byStatus_passed_PASS10_row"
                class="testMethodStatusPASS">
               <td width="100%" class="firstMethodCell">
                  <a onclick="toggleDetailsVisibility('com.crm.qa.Test.ContactPageTest_newcontactTest_byStatus_passed_PASS10_details')">newcontactTest()</a>
               </td>
               <td nowrap="true">13:10:51</td>
               <td nowrap="true" align="right">139 ms
                  
               </td>
               <td nowrap="true">
                   
                  
               </td>
            </tr>
            <tr>
               <td colspan="4" class="detailsBox">
                  <div id="com.crm.qa.Test.ContactPageTest_newcontactTest_byStatus_passed_PASS10_details"
                       class="testMethodDetails">
                     <div>
                        <b>Name: </b>newcontactTest
                     </div>
                     <div>
                        <b>Signature: </b>newcontactTest()[pri:0, instance:com.crm.qa.Test.ContactPageTest@3fb6a447]
                     </div>
                     <div>
                        <b>Start time: </b>13:10:51
                     </div>
                     <div>
                        <b>End time: </b>13:10:51
                     </div>
                     <div>
                        <b>Duration: </b>139 ms
                        
                     </div>
                  </div>
               </td>
            </tr>
            <tr></tr>
            <tr id="com.crm.qa.Test.ContactPageTest_teardown_byStatus_passed_PASS11_row"
                class="testMethodStatusPASS testMethodStatusCONF">
               <td width="100%" class="firstMethodCell">
                  <a onclick="toggleDetailsVisibility('com.crm.qa.Test.ContactPageTest_teardown_byStatus_passed_PASS11_details')">teardown()</a>
               </td>
               <td nowrap="true">13:11:12</td>
               <td nowrap="true" align="right">7s
                  
               </td>
               <td nowrap="true">
                   
                  
               </td>
            </tr>
            <tr>
               <td colspan="4" class="detailsBox">
                  <div id="com.crm.qa.Test.ContactPageTest_teardown_byStatus_passed_PASS11_details"
                       class="testMethodDetails">
                     <div>
                        <b>Name: </b>teardown
                     </div>
                     <div>
                        <b>Signature: </b>teardown()[pri:0, instance:com.crm.qa.Test.ContactPageTest@3fb6a447]
                     </div>
                     <div>
                        <b>Start time: </b>13:11:12
                     </div>
                     <div>
                        <b>End time: </b>13:11:20
                     </div>
                     <div>
                        <b>Duration: </b>7s
                        
                     </div>
                  </div>
               </td>
            </tr>
            <tr></tr>
            <tr id="com.crm.qa.Test.LoginpageTest_crmlogoTest_byStatus_passed_PASS12_row"
                class="testMethodStatusPASS">
               <td width="100%" class="firstMethodCell">
                  <a onclick="toggleDetailsVisibility('com.crm.qa.Test.LoginpageTest_crmlogoTest_byStatus_passed_PASS12_details')">crmlogoTest()</a>
               </td>
               <td nowrap="true">13:10:24</td>
               <td nowrap="true" align="right">377 ms
                  
               </td>
               <td nowrap="true">
                   
                  
               </td>
            </tr>
            <tr>
               <td colspan="4" class="detailsBox">
                  <div id="com.crm.qa.Test.LoginpageTest_crmlogoTest_byStatus_passed_PASS12_details"
                       class="testMethodDetails">
                     <div>
                        <b>Name: </b>crmlogoTest
                     </div>
                     <div>
                        <b>Signature: </b>crmlogoTest()[pri:0, instance:com.crm.qa.Test.LoginpageTest@2ef9b8bc]
                     </div>
                     <div>
                        <b>Start time: </b>13:10:24
                     </div>
                     <div>
                        <b>End time: </b>13:10:25
                     </div>
                     <div>
                        <b>Duration: </b>377 ms
                        
                     </div>
                  </div>
               </td>
            </tr>
            <tr></tr>
            <tr id="com.crm.qa.Test.LoginpageTest_multilogin_byStatus_passed_PASS13_row"
                class="testMethodStatusPASS">
               <td width="100%" class="firstMethodCell">
                  <a onclick="toggleDetailsVisibility('com.crm.qa.Test.LoginpageTest_multilogin_byStatus_passed_PASS13_details')">multilogin()</a>
               </td>
               <td nowrap="true">13:10:25</td>
               <td nowrap="true" align="right">18s
                  
               </td>
               <td nowrap="true">
                   
                  
               </td>
            </tr>
            <tr>
               <td colspan="4" class="detailsBox">
                  <div id="com.crm.qa.Test.LoginpageTest_multilogin_byStatus_passed_PASS13_details"
                       class="testMethodDetails">
                     <div>
                        <b>Name: </b>multilogin
                     </div>
                     <div>
                        <b>Signature: </b>multilogin()[pri:0, instance:com.crm.qa.Test.LoginpageTest@2ef9b8bc]
                     </div>
                     <div>
                        <b>Start time: </b>13:10:25
                     </div>
                     <div>
                        <b>End time: </b>13:10:43
                     </div>
                     <div>
                        <b>Duration: </b>18s
                        
                     </div>
                  </div>
               </td>
            </tr>
            <tr></tr>
         </table>
      </div>
      <div id="testMethodsByClass">
         <table class="testMethodsTable" cellpadding="0" cellspacing="0">
            <tr>
               <td colspan="4">
                  <h3 style="display: inline;">com.crm.qa.Test.AddNewContactTest</h3>
               </td>
            </tr>
            <tr class="methodsTableHeader">
               <td width="100%">Name</td>
               <td nowrap="true">Started</td>
               <td nowrap="true">Duration</td>
               <td>Exception</td>
            </tr>
            <tr id="com.crm.qa.Test.AddNewContactTest_contacterstitleTest_byClass_PASS1_row"
                class="testMethodStatusPASS">
               <td width="100%" class="firstMethodCell">
                  <a onclick="toggleDetailsVisibility('com.crm.qa.Test.AddNewContactTest_contacterstitleTest_byClass_PASS1_details')">contacterstitleTest()</a>
               </td>
               <td nowrap="true">13:10:51</td>
               <td nowrap="true" align="right">4s
                  
               </td>
               <td nowrap="true">
                   
                  
               </td>
            </tr>
            <tr>
               <td colspan="4" class="detailsBox">
                  <div id="com.crm.qa.Test.AddNewContactTest_contacterstitleTest_byClass_PASS1_details"
                       class="testMethodDetails">
                     <div>
                        <b>Name: </b>contacterstitleTest
                     </div>
                     <div>
                        <b>Signature: </b>contacterstitleTest()[pri:0, instance:com.crm.qa.Test.AddNewContactTest@62043840]
                     </div>
                     <div>
                        <b>Start time: </b>13:10:51
                     </div>
                     <div>
                        <b>End time: </b>13:10:55
                     </div>
                     <div>
                        <b>Duration: </b>4s
                        
                     </div>
                  </div>
               </td>
            </tr>
            <tr></tr>
            <tr id="com.crm.qa.Test.AddNewContactTest_checkboxesTest_byClass_PASS2_row"
                class="testMethodStatusPASS">
               <td width="100%" class="firstMethodCell">
                  <a onclick="toggleDetailsVisibility('com.crm.qa.Test.AddNewContactTest_checkboxesTest_byClass_PASS2_details')">checkboxesTest()</a>
               </td>
               <td nowrap="true">13:10:55</td>
               <td nowrap="true" align="right">280 ms
                  
               </td>
               <td nowrap="true">
                   
                  
               </td>
            </tr>
            <tr>
               <td colspan="4" class="detailsBox">
                  <div id="com.crm.qa.Test.AddNewContactTest_checkboxesTest_byClass_PASS2_details"
                       class="testMethodDetails">
                     <div>
                        <b>Name: </b>checkboxesTest
                     </div>
                     <div>
                        <b>Signature: </b>checkboxesTest()[pri:0, instance:com.crm.qa.Test.AddNewContactTest@62043840]
                     </div>
                     <div>
                        <b>Start time: </b>13:10:55
                     </div>
                     <div>
                        <b>End time: </b>13:10:55
                     </div>
                     <div>
                        <b>Duration: </b>280 ms
                        
                     </div>
                  </div>
               </td>
            </tr>
            <tr></tr>
            <tr id="com.crm.qa.Test.AddNewContactTest_autoit_byClass_PASS3_row"
                class="testMethodStatusPASS">
               <td width="100%" class="firstMethodCell">
                  <a onclick="toggleDetailsVisibility('com.crm.qa.Test.AddNewContactTest_autoit_byClass_PASS3_details')">autoit()</a>
               </td>
               <td nowrap="true">13:10:55</td>
               <td nowrap="true" align="right">7s
                  
               </td>
               <td nowrap="true">
                   
                  
               </td>
            </tr>
            <tr>
               <td colspan="4" class="detailsBox">
                  <div id="com.crm.qa.Test.AddNewContactTest_autoit_byClass_PASS3_details"
                       class="testMethodDetails">
                     <div>
                        <b>Name: </b>autoit
                     </div>
                     <div>
                        <b>Signature: </b>autoit()[pri:0, instance:com.crm.qa.Test.AddNewContactTest@62043840]
                     </div>
                     <div>
                        <b>Start time: </b>13:10:55
                     </div>
                     <div>
                        <b>End time: </b>13:11:03
                     </div>
                     <div>
                        <b>Duration: </b>7s
                        
                     </div>
                  </div>
               </td>
            </tr>
            <tr></tr>
            <tr id="com.crm.qa.Test.AddNewContactTest_filltextboxTest_byClass_PASS4_row"
                class="testMethodStatusPASS">
               <td width="100%" class="firstMethodCell">
                  <a onclick="toggleDetailsVisibility('com.crm.qa.Test.AddNewContactTest_filltextboxTest_byClass_PASS4_details')">filltextboxTest()</a>
               </td>
               <td nowrap="true">13:11:03</td>
               <td nowrap="true" align="right">8s
                  
               </td>
               <td nowrap="true">
                   
                  
               </td>
            </tr>
            <tr>
               <td colspan="4" class="detailsBox">
                  <div id="com.crm.qa.Test.AddNewContactTest_filltextboxTest_byClass_PASS4_details"
                       class="testMethodDetails">
                     <div>
                        <b>Name: </b>filltextboxTest
                     </div>
                     <div>
                        <b>Signature: </b>filltextboxTest()[pri:0, instance:com.crm.qa.Test.AddNewContactTest@62043840]
                     </div>
                     <div>
                        <b>Start time: </b>13:11:03
                     </div>
                     <div>
                        <b>End time: </b>13:11:12
                     </div>
                     <div>
                        <b>Duration: </b>8s
                        
                     </div>
                  </div>
               </td>
            </tr>
            <tr></tr>
         </table>
         <br></br>
         <table class="testMethodsTable" cellpadding="0" cellspacing="0">
            <tr>
               <td colspan="4">
                  <h3 style="display: inline;">com.crm.qa.Test.ContactPageTest</h3>
               </td>
            </tr>
            <tr class="methodsTableHeader">
               <td width="100%">Name</td>
               <td nowrap="true">Started</td>
               <td nowrap="true">Duration</td>
               <td>Exception</td>
            </tr>
            <tr id="com.crm.qa.Test.ContactPageTest_setup_byClass_PASS1_row"
                class="testMethodStatusPASS testMethodStatusCONF">
               <td width="100%" class="firstMethodCell">
                  <a onclick="toggleDetailsVisibility('com.crm.qa.Test.ContactPageTest_setup_byClass_PASS1_details')">setup()</a>
               </td>
               <td nowrap="true">13:09:58</td>
               <td nowrap="true" align="right">25s
                  
               </td>
               <td nowrap="true">
                   
                  
               </td>
            </tr>
            <tr>
               <td colspan="4" class="detailsBox">
                  <div id="com.crm.qa.Test.ContactPageTest_setup_byClass_PASS1_details"
                       class="testMethodDetails">
                     <div>
                        <b>Name: </b>setup
                     </div>
                     <div>
                        <b>Signature: </b>setup()[pri:0, instance:com.crm.qa.Test.ContactPageTest@3fb6a447]
                     </div>
                     <div>
                        <b>Start time: </b>13:09:58
                     </div>
                     <div>
                        <b>End time: </b>13:10:24
                     </div>
                     <div>
                        <b>Duration: </b>25s
                        
                     </div>
                  </div>
               </td>
            </tr>
            <tr></tr>
            <tr id="com.crm.qa.Test.ContactPageTest_chkcontacttetTest_byClass_PASS2_row"
                class="testMethodStatusPASS">
               <td width="100%" class="firstMethodCell">
                  <a onclick="toggleDetailsVisibility('com.crm.qa.Test.ContactPageTest_chkcontacttetTest_byClass_PASS2_details')">chkcontacttetTest()</a>
               </td>
               <td nowrap="true">13:10:49</td>
               <td nowrap="true" align="right">1s
                  
               </td>
               <td nowrap="true">
                   
                  
               </td>
            </tr>
            <tr>
               <td colspan="4" class="detailsBox">
                  <div id="com.crm.qa.Test.ContactPageTest_chkcontacttetTest_byClass_PASS2_details"
                       class="testMethodDetails">
                     <div>
                        <b>Name: </b>chkcontacttetTest
                     </div>
                     <div>
                        <b>Signature: </b>chkcontacttetTest()[pri:0, instance:com.crm.qa.Test.ContactPageTest@3fb6a447]
                     </div>
                     <div>
                        <b>Start time: </b>13:10:49
                     </div>
                     <div>
                        <b>End time: </b>13:10:50
                     </div>
                     <div>
                        <b>Duration: </b>1s
                        
                     </div>
                  </div>
               </td>
            </tr>
            <tr></tr>
            <tr id="com.crm.qa.Test.ContactPageTest_selchkboxTest_byClass_PASS3_row"
                class="testMethodStatusPASS">
               <td width="100%" class="firstMethodCell">
                  <a onclick="toggleDetailsVisibility('com.crm.qa.Test.ContactPageTest_selchkboxTest_byClass_PASS3_details')">selchkboxTest()</a>
               </td>
               <td nowrap="true">13:10:50</td>
               <td nowrap="true" align="right">122 ms
                  
               </td>
               <td nowrap="true">
                   
                  
               </td>
            </tr>
            <tr>
               <td colspan="4" class="detailsBox">
                  <div id="com.crm.qa.Test.ContactPageTest_selchkboxTest_byClass_PASS3_details"
                       class="testMethodDetails">
                     <div>
                        <b>Name: </b>selchkboxTest
                     </div>
                     <div>
                        <b>Signature: </b>selchkboxTest()[pri:0, instance:com.crm.qa.Test.ContactPageTest@3fb6a447]
                     </div>
                     <div>
                        <b>Start time: </b>13:10:50
                     </div>
                     <div>
                        <b>End time: </b>13:10:51
                     </div>
                     <div>
                        <b>Duration: </b>122 ms
                        
                     </div>
                  </div>
               </td>
            </tr>
            <tr></tr>
            <tr id="com.crm.qa.Test.ContactPageTest_newcontactTest_byClass_PASS4_row"
                class="testMethodStatusPASS">
               <td width="100%" class="firstMethodCell">
                  <a onclick="toggleDetailsVisibility('com.crm.qa.Test.ContactPageTest_newcontactTest_byClass_PASS4_details')">newcontactTest()</a>
               </td>
               <td nowrap="true">13:10:51</td>
               <td nowrap="true" align="right">139 ms
                  
               </td>
               <td nowrap="true">
                   
                  
               </td>
            </tr>
            <tr>
               <td colspan="4" class="detailsBox">
                  <div id="com.crm.qa.Test.ContactPageTest_newcontactTest_byClass_PASS4_details"
                       class="testMethodDetails">
                     <div>
                        <b>Name: </b>newcontactTest
                     </div>
                     <div>
                        <b>Signature: </b>newcontactTest()[pri:0, instance:com.crm.qa.Test.ContactPageTest@3fb6a447]
                     </div>
                     <div>
                        <b>Start time: </b>13:10:51
                     </div>
                     <div>
                        <b>End time: </b>13:10:51
                     </div>
                     <div>
                        <b>Duration: </b>139 ms
                        
                     </div>
                  </div>
               </td>
            </tr>
            <tr></tr>
            <tr id="com.crm.qa.Test.ContactPageTest_teardown_byClass_PASS5_row"
                class="testMethodStatusPASS testMethodStatusCONF">
               <td width="100%" class="firstMethodCell">
                  <a onclick="toggleDetailsVisibility('com.crm.qa.Test.ContactPageTest_teardown_byClass_PASS5_details')">teardown()</a>
               </td>
               <td nowrap="true">13:11:12</td>
               <td nowrap="true" align="right">7s
                  
               </td>
               <td nowrap="true">
                   
                  
               </td>
            </tr>
            <tr>
               <td colspan="4" class="detailsBox">
                  <div id="com.crm.qa.Test.ContactPageTest_teardown_byClass_PASS5_details"
                       class="testMethodDetails">
                     <div>
                        <b>Name: </b>teardown
                     </div>
                     <div>
                        <b>Signature: </b>teardown()[pri:0, instance:com.crm.qa.Test.ContactPageTest@3fb6a447]
                     </div>
                     <div>
                        <b>Start time: </b>13:11:12
                     </div>
                     <div>
                        <b>End time: </b>13:11:20
                     </div>
                     <div>
                        <b>Duration: </b>7s
                        
                     </div>
                  </div>
               </td>
            </tr>
            <tr></tr>
         </table>
         <br></br>
         <table class="testMethodsTable" cellpadding="0" cellspacing="0">
            <tr>
               <td colspan="4">
                  <h3 style="display: inline;">com.crm.qa.Test.HomepageTest</h3>
               </td>
            </tr>
            <tr class="methodsTableHeader">
               <td width="100%">Name</td>
               <td nowrap="true">Started</td>
               <td nowrap="true">Duration</td>
               <td>Exception</td>
            </tr>
            <tr id="com.crm.qa.Test.HomepageTest_validatehomepagetitleTest_byClass_PASS1_row"
                class="testMethodStatusPASS">
               <td width="100%" class="firstMethodCell">
                  <a onclick="toggleDetailsVisibility('com.crm.qa.Test.HomepageTest_validatehomepagetitleTest_byClass_PASS1_details')">validatehomepagetitleTest()</a>
               </td>
               <td nowrap="true">13:10:43</td>
               <td nowrap="true" align="right">13 ms
                  
               </td>
               <td nowrap="true">
                   
                  
               </td>
            </tr>
            <tr>
               <td colspan="4" class="detailsBox">
                  <div id="com.crm.qa.Test.HomepageTest_validatehomepagetitleTest_byClass_PASS1_details"
                       class="testMethodDetails">
                     <div>
                        <b>Name: </b>validatehomepagetitleTest
                     </div>
                     <div>
                        <b>Signature: </b>validatehomepagetitleTest()[pri:0, instance:com.crm.qa.Test.HomepageTest@5315b42e]
                     </div>
                     <div>
                        <b>Start time: </b>13:10:43
                     </div>
                     <div>
                        <b>End time: </b>13:10:43
                     </div>
                     <div>
                        <b>Duration: </b>13 ms
                        
                     </div>
                  </div>
               </td>
            </tr>
            <tr></tr>
            <tr id="com.crm.qa.Test.HomepageTest_contactpageclickTest_byClass_PASS2_row"
                class="testMethodStatusPASS">
               <td width="100%" class="firstMethodCell">
                  <a onclick="toggleDetailsVisibility('com.crm.qa.Test.HomepageTest_contactpageclickTest_byClass_PASS2_details')">contactpageclickTest()</a>
               </td>
               <td nowrap="true">13:10:43</td>
               <td nowrap="true" align="right">5s
                  
               </td>
               <td nowrap="true">
                   
                  
               </td>
            </tr>
            <tr>
               <td colspan="4" class="detailsBox">
                  <div id="com.crm.qa.Test.HomepageTest_contactpageclickTest_byClass_PASS2_details"
                       class="testMethodDetails">
                     <div>
                        <b>Name: </b>contactpageclickTest
                     </div>
                     <div>
                        <b>Signature: </b>contactpageclickTest()[pri:0, instance:com.crm.qa.Test.HomepageTest@5315b42e]
                     </div>
                     <div>
                        <b>Start time: </b>13:10:43
                     </div>
                     <div>
                        <b>End time: </b>13:10:49
                     </div>
                     <div>
                        <b>Duration: </b>5s
                        
                     </div>
                  </div>
               </td>
            </tr>
            <tr></tr>
         </table>
         <br></br>
         <table class="testMethodsTable" cellpadding="0" cellspacing="0">
            <tr>
               <td colspan="4">
                  <h3 style="display: inline;">com.crm.qa.Test.LoginpageTest</h3>
               </td>
            </tr>
            <tr class="methodsTableHeader">
               <td width="100%">Name</td>
               <td nowrap="true">Started</td>
               <td nowrap="true">Duration</td>
               <td>Exception</td>
            </tr>
            <tr id="com.crm.qa.Test.LoginpageTest_loginpagevalidateTest_byClass_FAIL1_row"
                class="testMethodStatusFAIL">
               <td width="100%" class="firstMethodCell">
                  <a onclick="toggleDetailsVisibility('com.crm.qa.Test.LoginpageTest_loginpagevalidateTest_byClass_FAIL1_details')">loginpagevalidateTest()</a>
               </td>
               <td nowrap="true">13:10:24</td>
               <td nowrap="true" align="right">139 ms
                  
               </td>
               <td nowrap="true">
                  <a onclick="toggleDetailsVisibility('com.crm.qa.Test.LoginpageTest_loginpagevalidateTest_byClass_FAIL1_exception')">java.lang.AssertionError: 
                     expected [CRMPR - CRM software for customer relationship management, sales, and support.] but found [CRMPRO - CRM software
                     for customer relationship management, sales, and support.]
                     
                  </a>
                   
                  
               </td>
            </tr>
            <tr>
               <td colspan="4" class="detailsBox">
                  <div id="com.crm.qa.Test.LoginpageTest_loginpagevalidateTest_byClass_FAIL1_details"
                       class="testMethodDetails">
                     <div>
                        <b>Name: </b>loginpagevalidateTest
                     </div>
                     <div>
                        <b>Signature: </b>loginpagevalidateTest()[pri:0, instance:com.crm.qa.Test.LoginpageTest@2ef9b8bc]
                     </div>
                     <div>
                        <b>Start time: </b>13:10:24
                     </div>
                     <div>
                        <b>End time: </b>13:10:24
                     </div>
                     <div>
                        <b>Duration: </b>139 ms
                        
                     </div>
                  </div>
               </td>
            </tr>
            <tr>
               <td colspan="4" class="detailsBox">
                  <div id="com.crm.qa.Test.LoginpageTest_loginpagevalidateTest_byClass_FAIL1_exception"
                       class="testMethodDetails">
                     <pre style="padding: 5px; margin: 0;">java.lang.AssertionError: expected [CRMPR - CRM software for customer relationship management, sales, and support.] but found
                        [CRMPRO - CRM software for customer relationship management, sales, and support.]
                        	at org.testng.Assert.fail(Assert.java:94)
                        	at org.testng.Assert.failNotEquals(Assert.java:494)
                        	at org.testng.Assert.assertEquals(Assert.java:123)
                        	at org.testng.Assert.assertEquals(Assert.java:176)
                        	at org.testng.Assert.assertEquals(Assert.java:186)
                        	at com.crm.qa.Test.LoginpageTest.loginpagevalidateTest(LoginpageTest.java:47)
                        	at sun.reflect.NativeMethodAccessorImpl.invoke0(Native Method)
                        	at sun.reflect.NativeMethodAccessorImpl.invoke(NativeMethodAccessorImpl.java:62)
                        	at sun.reflect.DelegatingMethodAccessorImpl.invoke(DelegatingMethodAccessorImpl.java:43)
                        	at java.lang.reflect.Method.invoke(Method.java:498)
                        	at org.testng.internal.MethodInvocationHelper.invokeMethod(MethodInvocationHelper.java:84)
                        	at org.testng.internal.Invoker.invokeMethod(Invoker.java:714)
                        	at org.testng.internal.Invoker.invokeTestMethod(Invoker.java:901)
                        	at org.testng.internal.Invoker.invokeTestMethods(Invoker.java:1231)
                        	at org.testng.internal.TestMethodWorker.invokeTestMethods(TestMethodWorker.java:127)
                        	at org.testng.internal.TestMethodWorker.run(TestMethodWorker.java:111)
                        	at org.testng.TestRunner.privateRun(TestRunner.java:767)
                        	at org.testng.TestRunner.run(TestRunner.java:617)
                        	at org.testng.SuiteRunner.runTest(SuiteRunner.java:348)
                        	at org.testng.SuiteRunner.runSequentially(SuiteRunner.java:343)
                        	at org.testng.SuiteRunner.privateRun(SuiteRunner.java:305)
                        	at org.testng.SuiteRunner.run(SuiteRunner.java:254)
                        	at org.testng.SuiteRunnerWorker.runSuite(SuiteRunnerWorker.java:52)
                        	at org.testng.SuiteRunnerWorker.run(SuiteRunnerWorker.java:86)
                        	at org.testng.TestNG.runSuitesSequentially(TestNG.java:1224)
                        	at org.testng.TestNG.runSuitesLocally(TestNG.java:1149)
                        	at org.testng.TestNG.run(TestNG.java:1057)
                        	at org.testng.remote.RemoteTestNG.run(RemoteTestNG.java:115)
                        	at org.testng.remote.RemoteTestNG.initAndRun(RemoteTestNG.java:207)
                        	at org.testng.remote.RemoteTestNG.main(RemoteTestNG.java:178)
                     </pre>
                  </div>
               </td>
            </tr>
            <tr id="com.crm.qa.Test.LoginpageTest_crmlogoTest_byClass_PASS2_row"
                class="testMethodStatusPASS">
               <td width="100%" class="firstMethodCell">
                  <a onclick="toggleDetailsVisibility('com.crm.qa.Test.LoginpageTest_crmlogoTest_byClass_PASS2_details')">crmlogoTest()</a>
               </td>
               <td nowrap="true">13:10:24</td>
               <td nowrap="true" align="right">377 ms
                  
               </td>
               <td nowrap="true">
                   
                  
               </td>
            </tr>
            <tr>
               <td colspan="4" class="detailsBox">
                  <div id="com.crm.qa.Test.LoginpageTest_crmlogoTest_byClass_PASS2_details"
                       class="testMethodDetails">
                     <div>
                        <b>Name: </b>crmlogoTest
                     </div>
                     <div>
                        <b>Signature: </b>crmlogoTest()[pri:0, instance:com.crm.qa.Test.LoginpageTest@2ef9b8bc]
                     </div>
                     <div>
                        <b>Start time: </b>13:10:24
                     </div>
                     <div>
                        <b>End time: </b>13:10:25
                     </div>
                     <div>
                        <b>Duration: </b>377 ms
                        
                     </div>
                  </div>
               </td>
            </tr>
            <tr></tr>
            <tr id="com.crm.qa.Test.LoginpageTest_multilogin_byClass_PASS3_row"
                class="testMethodStatusPASS">
               <td width="100%" class="firstMethodCell">
                  <a onclick="toggleDetailsVisibility('com.crm.qa.Test.LoginpageTest_multilogin_byClass_PASS3_details')">multilogin()</a>
               </td>
               <td nowrap="true">13:10:25</td>
               <td nowrap="true" align="right">18s
                  
               </td>
               <td nowrap="true">
                   
                  
               </td>
            </tr>
            <tr>
               <td colspan="4" class="detailsBox">
                  <div id="com.crm.qa.Test.LoginpageTest_multilogin_byClass_PASS3_details"
                       class="testMethodDetails">
                     <div>
                        <b>Name: </b>multilogin
                     </div>
                     <div>
                        <b>Signature: </b>multilogin()[pri:0, instance:com.crm.qa.Test.LoginpageTest@2ef9b8bc]
                     </div>
                     <div>
                        <b>Start time: </b>13:10:25
                     </div>
                     <div>
                        <b>End time: </b>13:10:43
                     </div>
                     <div>
                        <b>Duration: </b>18s
                        
                     </div>
                  </div>
               </td>
            </tr>
            <tr></tr>
         </table>
         <br></br>
      </div>
      <div style="margin-top: 15px; color: gray; text-align: center; font-size: 9px;">
         Generated with
         
         <a href="http://code.google.com/p/testng-xslt/" style="color: #8888aa;"
            target="_blank">
            TestNG XSLT
            
         </a>
      </div>
   </body>
</html>